<?xml version="1.0" encoding="UTF-8"?>
<!-- Generated by org.testng.reporters.JUnitXMLReporter -->
<testsuite ignored="0" hostname="PRIYANKA" failures="0" tests="1" name="Test" time="0.074" errors="0" timestamp="2025-08-26T13:07:57 IST">
  <testcase classname="mypackage.crossbrowsertestng" name="@BeforeMethod beforeMethod" time="-1.756193877417E9">
    <failure type="org.testng.TestNGException" message="
Parameter &amp;apos;browser&amp;apos; is required by BeforeMethod on method beforeMethod but has not been marked @Optional or defined
in C:\Users\priya\eclipse-workspace\MyMavenProject\src\test\java\crossbrowsertestng">
      <![CDATA[org.testng.TestNGException: 
Parameter 'browser' is required by BeforeMethod on method beforeMethod but has not been marked @Optional or defined
in C:\Users\priya\eclipse-workspace\MyMavenProject\src\test\java\crossbrowsertestng
at java.base/java.util.ArrayList.forEach(ArrayList.java:1596)
... Removed 28 stack frames]]>
    </failure>
  </testcase> <!-- @BeforeMethod beforeMethod -->
  <testcase classname="mypackage.crossbrowsertestng" name="@AfterMethod afterMethod" time="0.0">
    <skipped/>
  </testcase> <!-- @AfterMethod afterMethod -->
  <testcase classname="mypackage.crossbrowsertestng" name="openSite" time="0.001">
    <skipped/>
  </testcase> <!-- openSite -->
</testsuite> <!-- Test -->
